<?xml version="1.0" encoding="UTF-8"?>
<testsuite name="Renfe booking" tests="2" skipped="0" failures="0" errors="0" timestamp="2019-08-21T08:23:12" hostname="SG-3012" time="59.866">
  <properties/>
  <testcase name="Search for a trip" classname="Renfe booking" time="37.974"/>
  <testcase name="Search for a trip" classname="Renfe booking" time="21.863"/>
  <system-out><![CDATA[    ?[32mGiven ?[0m?[32mI want to search train tickets?[0m                                      ?[90m# RenfeSearchStepDefinitions.iWantToSearchTrainTickets()?[0m
    ?[32mWhen ?[0m?[32mI select origin "?[0m?[32m?[1mVALLADOLID?[0m?[32m"?[0m                                         ?[90m# RenfeSearchStepDefinitions.iSelectOrigin(String)?[0m
    ?[32mAnd ?[0m?[32mI select destination "?[0m?[32m?[1mMADRID-CHAMARTIN?[0m?[32m"?[0m                               ?[90m# RenfeSearchStepDefinitions.iSelectDestination(String)?[0m
    ?[32mAnd ?[0m?[32mdeparture date is ?[0m?[32m?[1m1?[0m?[32m days after today?[0m                                  ?[90m# RenfeSearchStepDefinitions.departureDateIsDaysAfterToday(int)?[0m
    ?[32mAnd ?[0m?[32mreturn date is ?[0m?[32m?[1m2?[0m?[32m days after departure date?[0m                            ?[90m# RenfeSearchStepDefinitions.comebackDateIsDaysAfterDepartureDate(int)?[0m
    ?[32mAnd ?[0m?[32mI select the following adults & children & children under 4 years old?[0m ?[90m# RenfeSearchStepDefinitions.iSelectTheFolowingAdultsChildrenChildrenUnder4YearsOld(DataTable)?[0m
    ?[32mAnd ?[0m?[32mI press 'comprar' button?[0m                                              ?[90m# RenfeSearchStepDefinitions.iPressComprarButton()?[0m
    ?[32mThen ?[0m?[32mthe result page is shown?[0m                                             ?[90m# RenfeSearchStepDefinitions.theResultPageIsShown()?[0m
    ?[32mGiven ?[0m?[32mI want to search train tickets?[0m                                      ?[90m# RenfeSearchStepDefinitions.iWantToSearchTrainTickets()?[0m
    ?[32mWhen ?[0m?[32mI select origin "?[0m?[32m?[1mMADRID-PUERTA DE ATOCHA?[0m?[32m"?[0m                            ?[90m# RenfeSearchStepDefinitions.iSelectOrigin(String)?[0m
    ?[32mAnd ?[0m?[32mI select destination "?[0m?[32m?[1mBARCELONA-SANTS?[0m?[32m"?[0m                                ?[90m# RenfeSearchStepDefinitions.iSelectDestination(String)?[0m
    ?[32mAnd ?[0m?[32mdeparture date is ?[0m?[32m?[1m1?[0m?[32m days after today?[0m                                  ?[90m# RenfeSearchStepDefinitions.departureDateIsDaysAfterToday(int)?[0m
    ?[32mAnd ?[0m?[32mreturn date is ?[0m?[32m?[1m2?[0m?[32m days after departure date?[0m                            ?[90m# RenfeSearchStepDefinitions.comebackDateIsDaysAfterDepartureDate(int)?[0m
    ?[32mAnd ?[0m?[32mI select the following adults & children & children under 4 years old?[0m ?[90m# RenfeSearchStepDefinitions.iSelectTheFolowingAdultsChildrenChildrenUnder4YearsOld(DataTable)?[0m
    ?[32mAnd ?[0m?[32mI press 'comprar' button?[0m                                              ?[90m# RenfeSearchStepDefinitions.iPressComprarButton()?[0m
    ?[32mThen ?[0m?[32mthe result page is shown?[0m                                             ?[90m# RenfeSearchStepDefinitions.theResultPageIsShown()?[0m
]]></system-out>
  <system-err><![CDATA[ago. 21, 2019 10:23:13 A. M. org.openqa.selenium.remote.DesiredCapabilities chrome
INFORMACIÓN: Using `new ChromeOptions()` is preferred to `DesiredCapabilities.chrome()`
ago. 21, 2019 10:23:27 A. M. org.openqa.selenium.remote.ProtocolHandshake createSession
INFORMACIÓN: Detected dialect: W3C
[Test worker] INFO net.serenitybdd.core.Serenity - 
        __    _____ _____ ____ _____   ____   _    ____  ____  _____ ____  
  _     \ \  |_   _| ____/ ___|_   _| |  _ \ / \  / ___|/ ___|| ____|  _ \ 
 (_)_____| |   | | |  _| \___ \ | |   | |_) / _ \ \___ \\___ \|  _| | | | |
  _|_____| |   | | | |___ ___) || |   |  __/ ___ \ ___) |___) | |___| |_| |
 (_)     | |   |_| |_____|____/ |_|   |_| /_/   \_\____/|____/|_____|____/ 
        /_/                                                                

TEST PASSED: Search for a trip
----------------------------------------------------------------------------
[Test worker] INFO net.serenitybdd.core.Serenity - 
        __    _____ _____ ____ _____   ____   _    ____  ____  _____ ____  
  _     \ \  |_   _| ____/ ___|_   _| |  _ \ / \  / ___|/ ___|| ____|  _ \ 
 (_)_____| |   | | |  _| \___ \ | |   | |_) / _ \ \___ \\___ \|  _| | | | |
  _|_____| |   | | | |___ ___) || |   |  __/ ___ \ ___) |___) | |___| |_| |
 (_)     | |   |_| |_____|____/ |_|   |_| /_/   \_\____/|____/|_____|____/ 
        /_/                                                                

TEST PASSED: Search for a trip
----------------------------------------------------------------------------
]]></system-err>
</testsuite>
