<?xml version="1.0" encoding="UTF-8"?>
<testsuite name="com.testRunner.RenfeTestRunner" tests="0" skipped="0" failures="0" errors="0" timestamp="1970-01-01T00:00:00" hostname="SG-3012" time="0.0">
  <properties/>
  <system-out><![CDATA[Feature: Renfe booking

  Scenario Outline: Search for a trip ?[90m# src/test/resources/features/renfeSearch.feature:3?[0m
    ?[36mGiven I want to search train tickets?[0m
    ?[36mWhen I select origin "<originStation>"?[0m
    ?[36mAnd I select destination "<destinationStation>"?[0m
    ?[36mAnd departure date is 1 days after today?[0m
    ?[36mAnd return date is 2 days after departure date?[0m
    ?[36mAnd I select the following adults & children & children under 4 years old?[0m
    ?[36mAnd I press 'comprar' button?[0m
    ?[36mThen the result page is shown?[0m

    Examples: 

  Scenario Outline: Search for a trip                                         ?[90m# src/test/resources/features/renfeSearch.feature:17?[0m

  Scenario Outline: Search for a trip                                         ?[90m# src/test/resources/features/renfeSearch.feature:18?[0m

?[31mFailed scenarios:?[0m
?[31msrc/test/resources/features/renfeSearch.feature:18 ?[0m# Search for a trip

2 Scenarios (?[31m1 failed?[0m, ?[32m1 passed?[0m)
16 Steps (?[31m1 failed?[0m, ?[36m6 skipped?[0m, ?[32m9 passed?[0m)
0m40,623s

net.serenitybdd.core.exceptions.SerenityManagedException: The following error occurred: stale element reference: element is not attached to the page document
  (Session info: chrome=76.0.3809.87)
For documentation on this error, please visit: http://seleniumhq.org/exceptions/stale_element_reference.html
Build info: version: '3.8.1', revision: '6e95a6684b', time: '2017-12-01T18:33:54.468Z'
System info: host: 'SG-3012', ip: '10.0.75.1', os.name: 'Windows 10', os.arch: 'amd64', os.version: '10.0', java.version: '11.0.3'
Driver info: org.openqa.selenium.remote.RemoteWebDriver
Capabilities {acceptInsecureCerts: false, browserName: chrome, browserVersion: 76.0.3809.87, chrome: {chromedriverVersion: 76.0.3809.68 (420c9498db8ce..., userDataDir: /tmp/.com.google.Chrome.YbiqHJ}, goog:chromeOptions: {debuggerAddress: localhost:38839}, javascriptEnabled: true, networkConnectionEnabled: false, pageLoadStrategy: normal, platform: LINUX, platformName: LINUX, proxy: Proxy(), setWindowRect: true, strictFileInteractability: false, timeouts: {implicit: 0, pageLoad: 300000, script: 30000}, unhandledPromptBehavior: dismiss and notify}
Session ID: 7d29b4b6d882dfca536afa74ecd46634
	at java.base/jdk.internal.reflect.NativeConstructorAccessorImpl.newInstance0(Native Method)
	at java.base/jdk.internal.reflect.NativeConstructorAccessorImpl.newInstance(NativeConstructorAccessorImpl.java:62)
	at java.base/jdk.internal.reflect.DelegatingConstructorAccessorImpl.newInstance(DelegatingConstructorAccessorImpl.java:45)
	at java.base/java.lang.reflect.Constructor.newInstance(Constructor.java:490)
	at org.openqa.selenium.remote.http.W3CHttpResponseCodec.createException(W3CHttpResponseCodec.java:187)
	at org.openqa.selenium.remote.http.W3CHttpResponseCodec.decode(W3CHttpResponseCodec.java:122)
	at org.openqa.selenium.remote.http.W3CHttpResponseCodec.decode(W3CHttpResponseCodec.java:49)
	at org.openqa.selenium.remote.HttpCommandExecutor.execute(HttpCommandExecutor.java:164)
	at org.openqa.selenium.remote.RemoteWebDriver.execute(RemoteWebDriver.java:601)
	at org.openqa.selenium.remote.RemoteWebElement.execute(RemoteWebElement.java:279)
	at org.openqa.selenium.remote.RemoteWebElement.getText(RemoteWebElement.java:160)
	at com.page.RenfeSearchPage.selectStation(RenfeSearchPage.java:93)
	at com.page.RenfeSearchPage.selectOrigin(RenfeSearchPage.java:82)
	at com.serenitySteps.RenfeSearchSteps.selectOrigin(RenfeSearchSteps.java:29)
	at com.serenitySteps.RenfeSearchSteps$$EnhancerByCGLIB$$5c9032ae.CGLIB$selectOrigin$5(<generated>)
	at com.serenitySteps.RenfeSearchSteps$$EnhancerByCGLIB$$5c9032ae$$FastClassByCGLIB$$eeaaaed0.invoke(<generated>)
	at net.sf.cglib.proxy.MethodProxy.invokeSuper(MethodProxy.java:228)
	at net.thucydides.core.steps.BaseMethodRunner.invokeMethod(BaseMethodRunner.java:10)
	at net.thucydides.core.steps.NormalMethodRunner.invokeMethodAndNotifyFailures(NormalMethodRunner.java:20)
	at net.thucydides.core.steps.StepInterceptor.runNormalMethod(StepInterceptor.java:362)
	at net.thucydides.core.steps.StepInterceptor.testStepResult(StepInterceptor.java:133)
	at net.thucydides.core.steps.StepInterceptor.intercept(StepInterceptor.java:69)
	at com.serenitySteps.RenfeSearchSteps$$EnhancerByCGLIB$$5c9032ae.selectOrigin(<generated>)
	at com.stepDefinitions.RenfeSearchStepDefinitions.iSelectOrigin(RenfeSearchStepDefinitions.java:27)
	at ?.I select origin "MADRID-PUERTA DE ATOCHA"(src/test/resources/features/renfeSearch.feature:5)

]]></system-out>
  <system-err><![CDATA[[Test worker] INFO net.serenitybdd.core.Serenity - ?[36m

-------------------------------------------------------------------------------------
     _______. _______ .______       _______ .__   __.  __  .___________.____    ____ 
    /       ||   ____||   _  \     |   ____||  \ |  | |  | |           |\   \  /   / 
   |   (----`|  |__   |  |_)  |    |  |__   |   \|  | |  | `---|  |----` \   \/   /  
    \   \    |   __|  |      /     |   __|  |  . `  | |  |     |  |       \_    _/   
.----)   |   |  |____ |  |\  \----.|  |____ |  |\   | |  |     |  |         |  |     
|_______/    |_______|| _| `._____||_______||__| \__| |__|     |__|         |__|    
                                                                                     
 News and tutorials at http://www.serenity-bdd.info                                  
 Documentation at https://wakaleo.gitbooks.io/the-serenity-book/content/             
 Join the Serenity Community on Rocket Chat at https://serenity-bdd.rocket.chat      
 Serenity BDD Support and Training at http://serenity-bdd.info/#/trainingandsupport  
 Learn Serenity BDD online at http://serenity-dojo.com                               
-------------------------------------------------------------------------------------
?[0m
[Test worker] INFO net.serenitybdd.core.Serenity - Test Suite Started: Renfe booking
[Test worker] INFO net.serenitybdd.core.Serenity - 
 _____ _____ ____ _____   ____ _____  _    ____ _____ _____ ____  
|_   _| ____/ ___|_   _| / ___|_   _|/ \  |  _ \_   _| ____|  _ \ 
  | | |  _| \___ \ | |   \___ \ | | / _ \ | |_) || | |  _| | | | |
  | | | |___ ___) || |    ___) || |/ ___ \|  _ < | | | |___| |_| |
  |_| |_____|____/ |_|   |____/ |_/_/   \_\_| \_\|_| |_____|____/ 
                                                                  

TEST STARTED: Search for a trip
-------------------------------------------------------------------(renfe-booking;search-for-a-trip)
[Test worker] INFO net.serenitybdd.core.Serenity - 
        __    _____ _____ ____ _____   ____   _    ____  ____  _____ ____  
  _     \ \  |_   _| ____/ ___|_   _| |  _ \ / \  / ___|/ ___|| ____|  _ \ 
 (_)_____| |   | | |  _| \___ \ | |   | |_) / _ \ \___ \\___ \|  _| | | | |
  _|_____| |   | | | |___ ___) || |   |  __/ ___ \ ___) |___) | |___| |_| |
 (_)     | |   |_| |_____|____/ |_|   |_| /_/   \_\____/|____/|_____|____/ 
        /_/                                                                

TEST PASSED: Search for a trip
----------------------------------------------------------------------------
[Test worker] ERROR net.serenitybdd.core.Serenity - 
           __  _____ _____ ____ _____   _____ _    ___ _     _____ ____  
  _       / / |_   _| ____/ ___|_   _| |  ___/ \  |_ _| |   | ____|  _ \ 
 (_)_____| |    | | |  _| \___ \ | |   | |_ / _ \  | || |   |  _| | | | |
  _|_____| |    | | | |___ ___) || |   |  _/ ___ \ | || |___| |___| |_| |
 (_)     | |    |_| |_____|____/ |_|   |_|/_/   \_\___|_____|_____|____/ 
          \_\                                                            

TEST FAILED WITH ERROR: Search for a trip
---------------------------------------------------------------------
[Test worker] ERROR net.serenitybdd.core.Serenity - TEST FAILED AT STEP Select origin: MADRID-PUERTA DE ATOCHA
[Test worker] ERROR net.serenitybdd.core.Serenity - The following error occurred: stale element reference: element is not attached to the page document
]]></system-err>
</testsuite>
