<?xml version="1.0" encoding="UTF-8"?>
<testsuite name="Renfe booking" tests="2" skipped="0" failures="0" errors="0" timestamp="2019-08-06T09:41:08" hostname="SG-3012" time="34.086">
  <properties/>
  <testcase name="EMPTY_NAME" classname="Renfe booking" time="22.4"/>
  <testcase name="EMPTY_NAME" classname="Renfe booking" time="11.675"/>
  <system-out><![CDATA[    ?[32mGiven ?[0m?[32mI want to search train tickets?[0m                                      ?[90m# RenfeSearchStepDefinitions.iWantToSearchTrainTickets()?[0m
    ?[32mWhen ?[0m?[32mI select origin "?[0m?[32m?[1mVALLADOLID?[0m?[32m"?[0m                                         ?[90m# RenfeSearchStepDefinitions.iSelectOrigin(String)?[0m
    ?[32mAnd ?[0m?[32mI select destination "?[0m?[32m?[1mMADRID-CHAMARTIN?[0m?[32m"?[0m                               ?[90m# RenfeSearchStepDefinitions.iSelectDestination(String)?[0m
    ?[32mAnd ?[0m?[32mdeparture date is ?[0m?[32m?[1m1?[0m?[32m days after today?[0m                                  ?[90m# RenfeSearchStepDefinitions.departureDateIsDaysAfterToday(int)?[0m
    ?[32mAnd ?[0m?[32mreturn date is ?[0m?[32m?[1m2?[0m?[32m days after departure date?[0m                            ?[90m# RenfeSearchStepDefinitions.comebackDateIsDaysAfterDepartureDate(int)?[0m
    ?[32mAnd ?[0m?[32mI select the following adults & children & children under 4 years old?[0m ?[90m# RenfeSearchStepDefinitions.iSelectTheFolowingAdultsChildrenChildrenUnder4YearsOld(DataTable)?[0m
    ?[32mAnd ?[0m?[32mI press 'comprar' button?[0m                                              ?[90m# RenfeSearchStepDefinitions.iPressComprarButton()?[0m
    ?[32mThen ?[0m?[32mthe result page is shown?[0m                                             ?[90m# RenfeSearchStepDefinitions.theResultPageIsShown()?[0m
    ?[32mGiven ?[0m?[32mI want to search train tickets?[0m                                      ?[90m# RenfeSearchStepDefinitions.iWantToSearchTrainTickets()?[0m
    ?[32mWhen ?[0m?[32mI select origin "?[0m?[32m?[1mMADRID-PUERTA DE ATOCHA?[0m?[32m"?[0m                            ?[90m# RenfeSearchStepDefinitions.iSelectOrigin(String)?[0m
    ?[32mAnd ?[0m?[32mI select destination "?[0m?[32m?[1mBARCELONA-SANTS?[0m?[32m"?[0m                                ?[90m# RenfeSearchStepDefinitions.iSelectDestination(String)?[0m
    ?[32mAnd ?[0m?[32mdeparture date is ?[0m?[32m?[1m1?[0m?[32m days after today?[0m                                  ?[90m# RenfeSearchStepDefinitions.departureDateIsDaysAfterToday(int)?[0m
    ?[32mAnd ?[0m?[32mreturn date is ?[0m?[32m?[1m2?[0m?[32m days after departure date?[0m                            ?[90m# RenfeSearchStepDefinitions.comebackDateIsDaysAfterDepartureDate(int)?[0m
    ?[32mAnd ?[0m?[32mI select the following adults & children & children under 4 years old?[0m ?[90m# RenfeSearchStepDefinitions.iSelectTheFolowingAdultsChildrenChildrenUnder4YearsOld(DataTable)?[0m
    ?[32mAnd ?[0m?[32mI press 'comprar' button?[0m                                              ?[90m# RenfeSearchStepDefinitions.iPressComprarButton()?[0m
    ?[32mThen ?[0m?[32mthe result page is shown?[0m                                             ?[90m# RenfeSearchStepDefinitions.theResultPageIsShown()?[0m
]]></system-out>
  <system-err><![CDATA[ago. 06, 2019 11:41:08 A. M. org.openqa.selenium.remote.DesiredCapabilities chrome
INFORMACIÓN: Using `new ChromeOptions()` is preferred to `DesiredCapabilities.chrome()`
Starting ChromeDriver 2.43.600210 (68dcf5eebde37173d4027fa8635e332711d2874a) on port 38704
Only local connections are allowed.
[1565084473.132][WARNING]: Timed out connecting to Chrome, retrying...
ago. 06, 2019 11:41:15 A. M. org.openqa.selenium.remote.ProtocolHandshake createSession
INFORMACIÓN: Detected dialect: OSS
[1565084477.225][WARNING]: Timed out connecting to Chrome, retrying...
[Test worker] INFO net.serenitybdd.core.Serenity - 
        __    _____ _____ ____ _____   ____   _    ____  ____  _____ ____  
  _     \ \  |_   _| ____/ ___|_   _| |  _ \ / \  / ___|/ ___|| ____|  _ \ 
 (_)_____| |   | | |  _| \___ \ | |   | |_) / _ \ \___ \\___ \|  _| | | | |
  _|_____| |   | | | |___ ___) || |   |  __/ ___ \ ___) |___) | |___| |_| |
 (_)     | |   |_| |_____|____/ |_|   |_| /_/   \_\____/|____/|_____|____/ 
        /_/                                                                

TEST PASSED: 
----------------------------------------------------------------------------
[Test worker] INFO net.serenitybdd.core.Serenity - 
        __    _____ _____ ____ _____   ____   _    ____  ____  _____ ____  
  _     \ \  |_   _| ____/ ___|_   _| |  _ \ / \  / ___|/ ___|| ____|  _ \ 
 (_)_____| |   | | |  _| \___ \ | |   | |_) / _ \ \___ \\___ \|  _| | | | |
  _|_____| |   | | | |___ ___) || |   |  __/ ___ \ ___) |___) | |___| |_| |
 (_)     | |   |_| |_____|____/ |_|   |_| /_/   \_\____/|____/|_____|____/ 
        /_/                                                                

TEST PASSED: 
----------------------------------------------------------------------------
]]></system-err>
</testsuite>
